The system is: Linux - 5.3.0-53-generic - x86_64
Compiling the C compiler identification source file "CMakeCCompilerId.c" succeeded.
Compiler: /usr/share/jevois-sdk/out/sun8iw5p1/linux/common/buildroot/host/usr/bin/arm-buildroot-linux-gnueabihf-gcc 
Build flags: 
Id flags:  

The output was:
0


Compilation of the C compiler identification source "CMakeCCompilerId.c" produced "a.out"

The C compiler identification is GNU, found in "/home/jake/Documents/ArUco_Detect/pbuild/CMakeFiles/3.10.2/CompilerIdC/a.out"

Compiling the CXX compiler identification source file "CMakeCXXCompilerId.cpp" succeeded.
Compiler: /usr/share/jevois-sdk/out/sun8iw5p1/linux/common/buildroot/host/usr/bin/arm-buildroot-linux-gnueabihf-g++ 
Build flags: 
Id flags:  

The output was:
0


Compilation of the CXX compiler identification source "CMakeCXXCompilerId.cpp" produced "a.out"

The CXX compiler identification is GNU, found in "/home/jake/Documents/ArUco_Detect/pbuild/CMakeFiles/3.10.2/CompilerIdCXX/a.out"

Determining if the C compiler works passed with the following output:
Change Dir: /home/jake/Documents/ArUco_Detect/pbuild/CMakeFiles/CMakeTmp

Run Build Command:"/usr/bin/make" "cmTC_6165c/fast"
/usr/bin/make -f CMakeFiles/cmTC_6165c.dir/build.make CMakeFiles/cmTC_6165c.dir/build
make[1]: Entering directory '/home/jake/Documents/ArUco_Detect/pbuild/CMakeFiles/CMakeTmp'
Building C object CMakeFiles/cmTC_6165c.dir/testCCompiler.c.o
/usr/share/jevois-sdk/out/sun8iw5p1/linux/common/buildroot/host/usr/bin/arm-buildroot-linux-gnueabihf-gcc    -o CMakeFiles/cmTC_6165c.dir/testCCompiler.c.o   -c /home/jake/Documents/ArUco_Detect/pbuild/CMakeFiles/CMakeTmp/testCCompiler.c
Linking C executable cmTC_6165c
/usr/bin/cmake -E cmake_link_script CMakeFiles/cmTC_6165c.dir/link.txt --verbose=1
/usr/share/jevois-sdk/out/sun8iw5p1/linux/common/buildroot/host/usr/bin/arm-buildroot-linux-gnueabihf-gcc      -rdynamic CMakeFiles/cmTC_6165c.dir/testCCompiler.c.o  -o cmTC_6165c 
make[1]: Leaving directory '/home/jake/Documents/ArUco_Detect/pbuild/CMakeFiles/CMakeTmp'


Detecting C compiler ABI info compiled with the following output:
Change Dir: /home/jake/Documents/ArUco_Detect/pbuild/CMakeFiles/CMakeTmp

Run Build Command:"/usr/bin/make" "cmTC_d2e9c/fast"
/usr/bin/make -f CMakeFiles/cmTC_d2e9c.dir/build.make CMakeFiles/cmTC_d2e9c.dir/build
make[1]: Entering directory '/home/jake/Documents/ArUco_Detect/pbuild/CMakeFiles/CMakeTmp'
Building C object CMakeFiles/cmTC_d2e9c.dir/CMakeCCompilerABI.c.o
/usr/share/jevois-sdk/out/sun8iw5p1/linux/common/buildroot/host/usr/bin/arm-buildroot-linux-gnueabihf-gcc    -o CMakeFiles/cmTC_d2e9c.dir/CMakeCCompilerABI.c.o   -c /usr/share/cmake-3.10/Modules/CMakeCCompilerABI.c
Linking C executable cmTC_d2e9c
/usr/bin/cmake -E cmake_link_script CMakeFiles/cmTC_d2e9c.dir/link.txt --verbose=1
/usr/share/jevois-sdk/out/sun8iw5p1/linux/common/buildroot/host/usr/bin/arm-buildroot-linux-gnueabihf-gcc     -v -rdynamic CMakeFiles/cmTC_d2e9c.dir/CMakeCCompilerABI.c.o  -o cmTC_d2e9c 
Using built-in specs.
COLLECT_GCC=/usr/share/jevois-sdk/out/sun8iw5p1/linux/common/buildroot/host/bin/arm-buildroot-linux-gnueabihf-gcc.br_real
COLLECT_LTO_WRAPPER=/usr/share/jevois-sdk/out/sun8iw5p1/linux/common/buildroot/host/libexec/gcc/arm-buildroot-linux-gnueabihf/8.3.0/lto-wrapper
Target: arm-buildroot-linux-gnueabihf
Configured with: ./configure --prefix=/usr/share/jevois-sdk/out/sun8iw5p1/linux/common/buildroot/host --sysconfdir=/usr/share/jevois-sdk/out/sun8iw5p1/linux/common/buildroot/host/etc --enable-static --target=arm-buildroot-linux-gnueabihf --with-sysroot=/usr/share/jevois-sdk/out/sun8iw5p1/linux/common/buildroot/host/arm-buildroot-linux-gnueabihf/sysroot --enable-__cxa_atexit --with-gnu-ld --disable-libssp --disable-multilib --disable-decimal-float --with-gmp=/usr/share/jevois-sdk/out/sun8iw5p1/linux/common/buildroot/host --with-mpc=/usr/share/jevois-sdk/out/sun8iw5p1/linux/common/buildroot/host --with-mpfr=/usr/share/jevois-sdk/out/sun8iw5p1/linux/common/buildroot/host --with-pkgversion='Buildroot 2019.05-rc2-gd5ae55ae4' --with-bugurl=http://bugs.buildroot.net/ --disable-libquadmath --enable-tls --enable-plugins --enable-lto --disable-libmudflap --enable-threads --with-isl=/usr/share/jevois-sdk/out/sun8iw5p1/linux/common/buildroot/host --with-abi=aapcs-linux --with-cpu=cortex-a7 --with-fpu=neon-vfpv4 --with-float=hard --with-mode=arm --enable-languages=c,c++,fortran --with-build-time-tools=/usr/share/jevois-sdk/out/sun8iw5p1/linux/common/buildroot/host/arm-buildroot-linux-gnueabihf/bin --enable-shared --enable-libgomp
Thread model: posix
gcc version 8.3.0 (Buildroot 2019.05-rc2-gd5ae55ae4) 
COMPILER_PATH=/usr/share/jevois-sdk/out/sun8iw5p1/linux/common/buildroot/host/libexec/gcc/arm-buildroot-linux-gnueabihf/8.3.0/:/usr/share/jevois-sdk/out/sun8iw5p1/linux/common/buildroot/host/libexec/gcc/arm-buildroot-linux-gnueabihf/8.3.0/:/usr/share/jevois-sdk/out/sun8iw5p1/linux/common/buildroot/host/libexec/gcc/arm-buildroot-linux-gnueabihf/:/usr/share/jevois-sdk/out/sun8iw5p1/linux/common/buildroot/host/lib/gcc/arm-buildroot-linux-gnueabihf/8.3.0/:/usr/share/jevois-sdk/out/sun8iw5p1/linux/common/buildroot/host/lib/gcc/arm-buildroot-linux-gnueabihf/:/usr/share/jevois-sdk/out/sun8iw5p1/linux/common/buildroot/host/lib/gcc/arm-buildroot-linux-gnueabihf/8.3.0/../../../../arm-buildroot-linux-gnueabihf/bin/
LIBRARY_PATH=/usr/share/jevois-sdk/out/sun8iw5p1/linux/common/buildroot/host/lib/gcc/arm-buildroot-linux-gnueabihf/8.3.0/:/usr/share/jevois-sdk/out/sun8iw5p1/linux/common/buildroot/host/lib/gcc/arm-buildroot-linux-gnueabihf/8.3.0/../../../../arm-buildroot-linux-gnueabihf/lib/:/usr/share/jevois-sdk/out/sun8iw5p1/linux/common/buildroot/host/arm-buildroot-linux-gnueabihf/sysroot/lib/:/usr/share/jevois-sdk/out/sun8iw5p1/linux/common/buildroot/host/arm-buildroot-linux-gnueabihf/sysroot/usr/lib/
COLLECT_GCC_OPTIONS='-v' '-rdynamic' '-o' 'cmTC_d2e9c' '-mcpu=cortex-a7' '-mfloat-abi=hard' '-mfpu=neon-vfpv4' '-mabi=aapcs-linux' '-marm' '-mtls-dialect=gnu' '-march=armv7ve+simd'
 /usr/share/jevois-sdk/out/sun8iw5p1/linux/common/buildroot/host/libexec/gcc/arm-buildroot-linux-gnueabihf/8.3.0/collect2 -plugin /usr/share/jevois-sdk/out/sun8iw5p1/linux/common/buildroot/host/libexec/gcc/arm-buildroot-linux-gnueabihf/8.3.0/liblto_plugin.so -plugin-opt=/usr/share/jevois-sdk/out/sun8iw5p1/linux/common/buildroot/host/libexec/gcc/arm-buildroot-linux-gnueabihf/8.3.0/lto-wrapper -plugin-opt=-fresolution=/tmp/ccD50Bai.res -plugin-opt=-pass-through=-lgcc -plugin-opt=-pass-through=-lgcc_s -plugin-opt=-pass-through=-lc -plugin-opt=-pass-through=-lgcc -plugin-opt=-pass-through=-lgcc_s --sysroot=/usr/share/jevois-sdk/out/sun8iw5p1/linux/common/buildroot/host/arm-buildroot-linux-gnueabihf/sysroot --eh-frame-hdr -export-dynamic -dynamic-linker /lib/ld-linux-armhf.so.3 -X -m armelf_linux_eabi -o cmTC_d2e9c /usr/share/jevois-sdk/out/sun8iw5p1/linux/common/buildroot/host/arm-buildroot-linux-gnueabihf/sysroot/usr/lib/crt1.o /usr/share/jevois-sdk/out/sun8iw5p1/linux/common/buildroot/host/arm-buildroot-linux-gnueabihf/sysroot/usr/lib/crti.o /usr/share/jevois-sdk/out/sun8iw5p1/linux/common/buildroot/host/lib/gcc/arm-buildroot-linux-gnueabihf/8.3.0/crtbegin.o -L/usr/share/jevois-sdk/out/sun8iw5p1/linux/common/buildroot/host/lib/gcc/arm-buildroot-linux-gnueabihf/8.3.0 -L/usr/share/jevois-sdk/out/sun8iw5p1/linux/common/buildroot/host/lib/gcc/arm-buildroot-linux-gnueabihf/8.3.0/../../../../arm-buildroot-linux-gnueabihf/lib -L/usr/share/jevois-sdk/out/sun8iw5p1/linux/common/buildroot/host/arm-buildroot-linux-gnueabihf/sysroot/lib -L/usr/share/jevois-sdk/out/sun8iw5p1/linux/common/buildroot/host/arm-buildroot-linux-gnueabihf/sysroot/usr/lib CMakeFiles/cmTC_d2e9c.dir/CMakeCCompilerABI.c.o -lgcc --as-needed -lgcc_s --no-as-needed -lc -lgcc --as-needed -lgcc_s --no-as-needed /usr/share/jevois-sdk/out/sun8iw5p1/linux/common/buildroot/host/lib/gcc/arm-buildroot-linux-gnueabihf/8.3.0/crtend.o /usr/share/jevois-sdk/out/sun8iw5p1/linux/common/buildroot/host/arm-buildroot-linux-gnueabihf/sysroot/usr/lib/crtn.o
COLLECT_GCC_OPTIONS='-v' '-rdynamic' '-o' 'cmTC_d2e9c' '-mcpu=cortex-a7' '-mfloat-abi=hard' '-mfpu=neon-vfpv4' '-mabi=aapcs-linux' '-marm' '-mtls-dialect=gnu' '-march=armv7ve+simd'
make[1]: Leaving directory '/home/jake/Documents/ArUco_Detect/pbuild/CMakeFiles/CMakeTmp'


Parsed C implicit link information from above output:
  link line regex: [^( *|.*[/\])(ld|CMAKE_LINK_STARTFILE-NOTFOUND|([^/\]+-)?ld|collect2)[^/\]*( |$)]
  ignore line: [Change Dir: /home/jake/Documents/ArUco_Detect/pbuild/CMakeFiles/CMakeTmp]
  ignore line: []
  ignore line: [Run Build Command:"/usr/bin/make" "cmTC_d2e9c/fast"]
  ignore line: [/usr/bin/make -f CMakeFiles/cmTC_d2e9c.dir/build.make CMakeFiles/cmTC_d2e9c.dir/build]
  ignore line: [make[1]: Entering directory '/home/jake/Documents/ArUco_Detect/pbuild/CMakeFiles/CMakeTmp']
  ignore line: [Building C object CMakeFiles/cmTC_d2e9c.dir/CMakeCCompilerABI.c.o]
  ignore line: [/usr/share/jevois-sdk/out/sun8iw5p1/linux/common/buildroot/host/usr/bin/arm-buildroot-linux-gnueabihf-gcc    -o CMakeFiles/cmTC_d2e9c.dir/CMakeCCompilerABI.c.o   -c /usr/share/cmake-3.10/Modules/CMakeCCompilerABI.c]
  ignore line: [Linking C executable cmTC_d2e9c]
  ignore line: [/usr/bin/cmake -E cmake_link_script CMakeFiles/cmTC_d2e9c.dir/link.txt --verbose=1]
  ignore line: [/usr/share/jevois-sdk/out/sun8iw5p1/linux/common/buildroot/host/usr/bin/arm-buildroot-linux-gnueabihf-gcc     -v -rdynamic CMakeFiles/cmTC_d2e9c.dir/CMakeCCompilerABI.c.o  -o cmTC_d2e9c ]
  ignore line: [Using built-in specs.]
  ignore line: [COLLECT_GCC=/usr/share/jevois-sdk/out/sun8iw5p1/linux/common/buildroot/host/bin/arm-buildroot-linux-gnueabihf-gcc.br_real]
  ignore line: [COLLECT_LTO_WRAPPER=/usr/share/jevois-sdk/out/sun8iw5p1/linux/common/buildroot/host/libexec/gcc/arm-buildroot-linux-gnueabihf/8.3.0/lto-wrapper]
  ignore line: [Target: arm-buildroot-linux-gnueabihf]
  ignore line: [Configured with: ./configure --prefix=/usr/share/jevois-sdk/out/sun8iw5p1/linux/common/buildroot/host --sysconfdir=/usr/share/jevois-sdk/out/sun8iw5p1/linux/common/buildroot/host/etc --enable-static --target=arm-buildroot-linux-gnueabihf --with-sysroot=/usr/share/jevois-sdk/out/sun8iw5p1/linux/common/buildroot/host/arm-buildroot-linux-gnueabihf/sysroot --enable-__cxa_atexit --with-gnu-ld --disable-libssp --disable-multilib --disable-decimal-float --with-gmp=/usr/share/jevois-sdk/out/sun8iw5p1/linux/common/buildroot/host --with-mpc=/usr/share/jevois-sdk/out/sun8iw5p1/linux/common/buildroot/host --with-mpfr=/usr/share/jevois-sdk/out/sun8iw5p1/linux/common/buildroot/host --with-pkgversion='Buildroot 2019.05-rc2-gd5ae55ae4' --with-bugurl=http://bugs.buildroot.net/ --disable-libquadmath --enable-tls --enable-plugins --enable-lto --disable-libmudflap --enable-threads --with-isl=/usr/share/jevois-sdk/out/sun8iw5p1/linux/common/buildroot/host --with-abi=aapcs-linux --with-cpu=cortex-a7 --with-fpu=neon-vfpv4 --with-float=hard --with-mode=arm --enable-languages=c,c++,fortran --with-build-time-tools=/usr/share/jevois-sdk/out/sun8iw5p1/linux/common/buildroot/host/arm-buildroot-linux-gnueabihf/bin --enable-shared --enable-libgomp]
  ignore line: [Thread model: posix]
  ignore line: [gcc version 8.3.0 (Buildroot 2019.05-rc2-gd5ae55ae4) ]
  ignore line: [COMPILER_PATH=/usr/share/jevois-sdk/out/sun8iw5p1/linux/common/buildroot/host/libexec/gcc/arm-buildroot-linux-gnueabihf/8.3.0/:/usr/share/jevois-sdk/out/sun8iw5p1/linux/common/buildroot/host/libexec/gcc/arm-buildroot-linux-gnueabihf/8.3.0/:/usr/share/jevois-sdk/out/sun8iw5p1/linux/common/buildroot/host/libexec/gcc/arm-buildroot-linux-gnueabihf/:/usr/share/jevois-sdk/out/sun8iw5p1/linux/common/buildroot/host/lib/gcc/arm-buildroot-linux-gnueabihf/8.3.0/:/usr/share/jevois-sdk/out/sun8iw5p1/linux/common/buildroot/host/lib/gcc/arm-buildroot-linux-gnueabihf/:/usr/share/jevois-sdk/out/sun8iw5p1/linux/common/buildroot/host/lib/gcc/arm-buildroot-linux-gnueabihf/8.3.0/../../../../arm-buildroot-linux-gnueabihf/bin/]
  ignore line: [LIBRARY_PATH=/usr/share/jevois-sdk/out/sun8iw5p1/linux/common/buildroot/host/lib/gcc/arm-buildroot-linux-gnueabihf/8.3.0/:/usr/share/jevois-sdk/out/sun8iw5p1/linux/common/buildroot/host/lib/gcc/arm-buildroot-linux-gnueabihf/8.3.0/../../../../arm-buildroot-linux-gnueabihf/lib/:/usr/share/jevois-sdk/out/sun8iw5p1/linux/common/buildroot/host/arm-buildroot-linux-gnueabihf/sysroot/lib/:/usr/share/jevois-sdk/out/sun8iw5p1/linux/common/buildroot/host/arm-buildroot-linux-gnueabihf/sysroot/usr/lib/]
  ignore line: [COLLECT_GCC_OPTIONS='-v' '-rdynamic' '-o' 'cmTC_d2e9c' '-mcpu=cortex-a7' '-mfloat-abi=hard' '-mfpu=neon-vfpv4' '-mabi=aapcs-linux' '-marm' '-mtls-dialect=gnu' '-march=armv7ve+simd']
  link line: [ /usr/share/jevois-sdk/out/sun8iw5p1/linux/common/buildroot/host/libexec/gcc/arm-buildroot-linux-gnueabihf/8.3.0/collect2 -plugin /usr/share/jevois-sdk/out/sun8iw5p1/linux/common/buildroot/host/libexec/gcc/arm-buildroot-linux-gnueabihf/8.3.0/liblto_plugin.so -plugin-opt=/usr/share/jevois-sdk/out/sun8iw5p1/linux/common/buildroot/host/libexec/gcc/arm-buildroot-linux-gnueabihf/8.3.0/lto-wrapper -plugin-opt=-fresolution=/tmp/ccD50Bai.res -plugin-opt=-pass-through=-lgcc -plugin-opt=-pass-through=-lgcc_s -plugin-opt=-pass-through=-lc -plugin-opt=-pass-through=-lgcc -plugin-opt=-pass-through=-lgcc_s --sysroot=/usr/share/jevois-sdk/out/sun8iw5p1/linux/common/buildroot/host/arm-buildroot-linux-gnueabihf/sysroot --eh-frame-hdr -export-dynamic -dynamic-linker /lib/ld-linux-armhf.so.3 -X -m armelf_linux_eabi -o cmTC_d2e9c /usr/share/jevois-sdk/out/sun8iw5p1/linux/common/buildroot/host/arm-buildroot-linux-gnueabihf/sysroot/usr/lib/crt1.o /usr/share/jevois-sdk/out/sun8iw5p1/linux/common/buildroot/host/arm-buildroot-linux-gnueabihf/sysroot/usr/lib/crti.o /usr/share/jevois-sdk/out/sun8iw5p1/linux/common/buildroot/host/lib/gcc/arm-buildroot-linux-gnueabihf/8.3.0/crtbegin.o -L/usr/share/jevois-sdk/out/sun8iw5p1/linux/common/buildroot/host/lib/gcc/arm-buildroot-linux-gnueabihf/8.3.0 -L/usr/share/jevois-sdk/out/sun8iw5p1/linux/common/buildroot/host/lib/gcc/arm-buildroot-linux-gnueabihf/8.3.0/../../../../arm-buildroot-linux-gnueabihf/lib -L/usr/share/jevois-sdk/out/sun8iw5p1/linux/common/buildroot/host/arm-buildroot-linux-gnueabihf/sysroot/lib -L/usr/share/jevois-sdk/out/sun8iw5p1/linux/common/buildroot/host/arm-buildroot-linux-gnueabihf/sysroot/usr/lib CMakeFiles/cmTC_d2e9c.dir/CMakeCCompilerABI.c.o -lgcc --as-needed -lgcc_s --no-as-needed -lc -lgcc --as-needed -lgcc_s --no-as-needed /usr/share/jevois-sdk/out/sun8iw5p1/linux/common/buildroot/host/lib/gcc/arm-buildroot-linux-gnueabihf/8.3.0/crtend.o /usr/share/jevois-sdk/out/sun8iw5p1/linux/common/buildroot/host/arm-buildroot-linux-gnueabihf/sysroot/usr/lib/crtn.o]
    arg [/usr/share/jevois-sdk/out/sun8iw5p1/linux/common/buildroot/host/libexec/gcc/arm-buildroot-linux-gnueabihf/8.3.0/collect2] ==> ignore
    arg [-plugin] ==> ignore
    arg [/usr/share/jevois-sdk/out/sun8iw5p1/linux/common/buildroot/host/libexec/gcc/arm-buildroot-linux-gnueabihf/8.3.0/liblto_plugin.so] ==> ignore
    arg [-plugin-opt=/usr/share/jevois-sdk/out/sun8iw5p1/linux/common/buildroot/host/libexec/gcc/arm-buildroot-linux-gnueabihf/8.3.0/lto-wrapper] ==> ignore
    arg [-plugin-opt=-fresolution=/tmp/ccD50Bai.res] ==> ignore
    arg [-plugin-opt=-pass-through=-lgcc] ==> ignore
    arg [-plugin-opt=-pass-through=-lgcc_s] ==> ignore
    arg [-plugin-opt=-pass-through=-lc] ==> ignore
    arg [-plugin-opt=-pass-through=-lgcc] ==> ignore
    arg [-plugin-opt=-pass-through=-lgcc_s] ==> ignore
    arg [--sysroot=/usr/share/jevois-sdk/out/sun8iw5p1/linux/common/buildroot/host/arm-buildroot-linux-gnueabihf/sysroot] ==> ignore
    arg [--eh-frame-hdr] ==> ignore
    arg [-export-dynamic] ==> ignore
    arg [-dynamic-linker] ==> ignore
    arg [/lib/ld-linux-armhf.so.3] ==> ignore
    arg [-X] ==> ignore
    arg [-m] ==> ignore
    arg [armelf_linux_eabi] ==> ignore
    arg [-o] ==> ignore
    arg [cmTC_d2e9c] ==> ignore
    arg [/usr/share/jevois-sdk/out/sun8iw5p1/linux/common/buildroot/host/arm-buildroot-linux-gnueabihf/sysroot/usr/lib/crt1.o] ==> ignore
    arg [/usr/share/jevois-sdk/out/sun8iw5p1/linux/common/buildroot/host/arm-buildroot-linux-gnueabihf/sysroot/usr/lib/crti.o] ==> ignore
    arg [/usr/share/jevois-sdk/out/sun8iw5p1/linux/common/buildroot/host/lib/gcc/arm-buildroot-linux-gnueabihf/8.3.0/crtbegin.o] ==> ignore
    arg [-L/usr/share/jevois-sdk/out/sun8iw5p1/linux/common/buildroot/host/lib/gcc/arm-buildroot-linux-gnueabihf/8.3.0] ==> dir [/usr/share/jevois-sdk/out/sun8iw5p1/linux/common/buildroot/host/lib/gcc/arm-buildroot-linux-gnueabihf/8.3.0]
    arg [-L/usr/share/jevois-sdk/out/sun8iw5p1/linux/common/buildroot/host/lib/gcc/arm-buildroot-linux-gnueabihf/8.3.0/../../../../arm-buildroot-linux-gnueabihf/lib] ==> dir [/usr/share/jevois-sdk/out/sun8iw5p1/linux/common/buildroot/host/lib/gcc/arm-buildroot-linux-gnueabihf/8.3.0/../../../../arm-buildroot-linux-gnueabihf/lib]
    arg [-L/usr/share/jevois-sdk/out/sun8iw5p1/linux/common/buildroot/host/arm-buildroot-linux-gnueabihf/sysroot/lib] ==> dir [/usr/share/jevois-sdk/out/sun8iw5p1/linux/common/buildroot/host/arm-buildroot-linux-gnueabihf/sysroot/lib]
    arg [-L/usr/share/jevois-sdk/out/sun8iw5p1/linux/common/buildroot/host/arm-buildroot-linux-gnueabihf/sysroot/usr/lib] ==> dir [/usr/share/jevois-sdk/out/sun8iw5p1/linux/common/buildroot/host/arm-buildroot-linux-gnueabihf/sysroot/usr/lib]
    arg [CMakeFiles/cmTC_d2e9c.dir/CMakeCCompilerABI.c.o] ==> ignore
    arg [-lgcc] ==> lib [gcc]
    arg [--as-needed] ==> ignore
    arg [-lgcc_s] ==> lib [gcc_s]
    arg [--no-as-needed] ==> ignore
    arg [-lc] ==> lib [c]
    arg [-lgcc] ==> lib [gcc]
    arg [--as-needed] ==> ignore
    arg [-lgcc_s] ==> lib [gcc_s]
    arg [--no-as-needed] ==> ignore
    arg [/usr/share/jevois-sdk/out/sun8iw5p1/linux/common/buildroot/host/lib/gcc/arm-buildroot-linux-gnueabihf/8.3.0/crtend.o] ==> ignore
    arg [/usr/share/jevois-sdk/out/sun8iw5p1/linux/common/buildroot/host/arm-buildroot-linux-gnueabihf/sysroot/usr/lib/crtn.o] ==> ignore
  collapse library dir [/usr/share/jevois-sdk/out/sun8iw5p1/linux/common/buildroot/host/lib/gcc/arm-buildroot-linux-gnueabihf/8.3.0] ==> [/usr/share/jevois-sdk/out/sun8iw5p1/linux/common/buildroot/host/lib/gcc/arm-buildroot-linux-gnueabihf/8.3.0]
  collapse library dir [/usr/share/jevois-sdk/out/sun8iw5p1/linux/common/buildroot/host/lib/gcc/arm-buildroot-linux-gnueabihf/8.3.0/../../../../arm-buildroot-linux-gnueabihf/lib] ==> [/usr/share/jevois-sdk/out/sun8iw5p1/linux/common/buildroot/host/arm-buildroot-linux-gnueabihf/lib]
  collapse library dir [/usr/share/jevois-sdk/out/sun8iw5p1/linux/common/buildroot/host/arm-buildroot-linux-gnueabihf/sysroot/lib] ==> [/usr/share/jevois-sdk/out/sun8iw5p1/linux/common/buildroot/host/arm-buildroot-linux-gnueabihf/sysroot/lib]
  collapse library dir [/usr/share/jevois-sdk/out/sun8iw5p1/linux/common/buildroot/host/arm-buildroot-linux-gnueabihf/sysroot/usr/lib] ==> [/usr/share/jevois-sdk/out/sun8iw5p1/linux/common/buildroot/host/arm-buildroot-linux-gnueabihf/sysroot/usr/lib]
  implicit libs: [gcc;gcc_s;c;gcc;gcc_s]
  implicit dirs: [/usr/share/jevois-sdk/out/sun8iw5p1/linux/common/buildroot/host/lib/gcc/arm-buildroot-linux-gnueabihf/8.3.0;/usr/share/jevois-sdk/out/sun8iw5p1/linux/common/buildroot/host/arm-buildroot-linux-gnueabihf/lib;/usr/share/jevois-sdk/out/sun8iw5p1/linux/common/buildroot/host/arm-buildroot-linux-gnueabihf/sysroot/lib;/usr/share/jevois-sdk/out/sun8iw5p1/linux/common/buildroot/host/arm-buildroot-linux-gnueabihf/sysroot/usr/lib]
  implicit fwks: []




Detecting C [-std=c11] compiler features compiled with the following output:
Change Dir: /home/jake/Documents/ArUco_Detect/pbuild/CMakeFiles/CMakeTmp

Run Build Command:"/usr/bin/make" "cmTC_c2059/fast"
/usr/bin/make -f CMakeFiles/cmTC_c2059.dir/build.make CMakeFiles/cmTC_c2059.dir/build
make[1]: Entering directory '/home/jake/Documents/ArUco_Detect/pbuild/CMakeFiles/CMakeTmp'
Building C object CMakeFiles/cmTC_c2059.dir/feature_tests.c.o
/usr/share/jevois-sdk/out/sun8iw5p1/linux/common/buildroot/host/usr/bin/arm-buildroot-linux-gnueabihf-gcc   -std=c11 -o CMakeFiles/cmTC_c2059.dir/feature_tests.c.o   -c /home/jake/Documents/ArUco_Detect/pbuild/CMakeFiles/feature_tests.c
Linking C executable cmTC_c2059
/usr/bin/cmake -E cmake_link_script CMakeFiles/cmTC_c2059.dir/link.txt --verbose=1
/usr/share/jevois-sdk/out/sun8iw5p1/linux/common/buildroot/host/usr/bin/arm-buildroot-linux-gnueabihf-gcc      -rdynamic CMakeFiles/cmTC_c2059.dir/feature_tests.c.o  -o cmTC_c2059 
make[1]: Leaving directory '/home/jake/Documents/ArUco_Detect/pbuild/CMakeFiles/CMakeTmp'


    Feature record: C_FEATURE:1c_function_prototypes
    Feature record: C_FEATURE:1c_restrict
    Feature record: C_FEATURE:1c_static_assert
    Feature record: C_FEATURE:1c_variadic_macros


Detecting C [-std=c99] compiler features compiled with the following output:
Change Dir: /home/jake/Documents/ArUco_Detect/pbuild/CMakeFiles/CMakeTmp

Run Build Command:"/usr/bin/make" "cmTC_cdf1b/fast"
/usr/bin/make -f CMakeFiles/cmTC_cdf1b.dir/build.make CMakeFiles/cmTC_cdf1b.dir/build
make[1]: Entering directory '/home/jake/Documents/ArUco_Detect/pbuild/CMakeFiles/CMakeTmp'
Building C object CMakeFiles/cmTC_cdf1b.dir/feature_tests.c.o
/usr/share/jevois-sdk/out/sun8iw5p1/linux/common/buildroot/host/usr/bin/arm-buildroot-linux-gnueabihf-gcc   -std=c99 -o CMakeFiles/cmTC_cdf1b.dir/feature_tests.c.o   -c /home/jake/Documents/ArUco_Detect/pbuild/CMakeFiles/feature_tests.c
Linking C executable cmTC_cdf1b
/usr/bin/cmake -E cmake_link_script CMakeFiles/cmTC_cdf1b.dir/link.txt --verbose=1
/usr/share/jevois-sdk/out/sun8iw5p1/linux/common/buildroot/host/usr/bin/arm-buildroot-linux-gnueabihf-gcc      -rdynamic CMakeFiles/cmTC_cdf1b.dir/feature_tests.c.o  -o cmTC_cdf1b 
make[1]: Leaving directory '/home/jake/Documents/ArUco_Detect/pbuild/CMakeFiles/CMakeTmp'


    Feature record: C_FEATURE:1c_function_prototypes
    Feature record: C_FEATURE:1c_restrict
    Feature record: C_FEATURE:0c_static_assert
    Feature record: C_FEATURE:1c_variadic_macros


Detecting C [-std=c90] compiler features compiled with the following output:
Change Dir: /home/jake/Documents/ArUco_Detect/pbuild/CMakeFiles/CMakeTmp

Run Build Command:"/usr/bin/make" "cmTC_90f5d/fast"
/usr/bin/make -f CMakeFiles/cmTC_90f5d.dir/build.make CMakeFiles/cmTC_90f5d.dir/build
make[1]: Entering directory '/home/jake/Documents/ArUco_Detect/pbuild/CMakeFiles/CMakeTmp'
Building C object CMakeFiles/cmTC_90f5d.dir/feature_tests.c.o
/usr/share/jevois-sdk/out/sun8iw5p1/linux/common/buildroot/host/usr/bin/arm-buildroot-linux-gnueabihf-gcc   -std=c90 -o CMakeFiles/cmTC_90f5d.dir/feature_tests.c.o   -c /home/jake/Documents/ArUco_Detect/pbuild/CMakeFiles/feature_tests.c
Linking C executable cmTC_90f5d
/usr/bin/cmake -E cmake_link_script CMakeFiles/cmTC_90f5d.dir/link.txt --verbose=1
/usr/share/jevois-sdk/out/sun8iw5p1/linux/common/buildroot/host/usr/bin/arm-buildroot-linux-gnueabihf-gcc      -rdynamic CMakeFiles/cmTC_90f5d.dir/feature_tests.c.o  -o cmTC_90f5d 
make[1]: Leaving directory '/home/jake/Documents/ArUco_Detect/pbuild/CMakeFiles/CMakeTmp'


    Feature record: C_FEATURE:1c_function_prototypes
    Feature record: C_FEATURE:0c_restrict
    Feature record: C_FEATURE:0c_static_assert
    Feature record: C_FEATURE:0c_variadic_macros
Determining if the CXX compiler works passed with the following output:
Change Dir: /home/jake/Documents/ArUco_Detect/pbuild/CMakeFiles/CMakeTmp

Run Build Command:"/usr/bin/make" "cmTC_bed78/fast"
/usr/bin/make -f CMakeFiles/cmTC_bed78.dir/build.make CMakeFiles/cmTC_bed78.dir/build
make[1]: Entering directory '/home/jake/Documents/ArUco_Detect/pbuild/CMakeFiles/CMakeTmp'
Building CXX object CMakeFiles/cmTC_bed78.dir/testCXXCompiler.cxx.o
/usr/share/jevois-sdk/out/sun8iw5p1/linux/common/buildroot/host/usr/bin/arm-buildroot-linux-gnueabihf-g++     -o CMakeFiles/cmTC_bed78.dir/testCXXCompiler.cxx.o -c /home/jake/Documents/ArUco_Detect/pbuild/CMakeFiles/CMakeTmp/testCXXCompiler.cxx
Linking CXX executable cmTC_bed78
/usr/bin/cmake -E cmake_link_script CMakeFiles/cmTC_bed78.dir/link.txt --verbose=1
/usr/share/jevois-sdk/out/sun8iw5p1/linux/common/buildroot/host/usr/bin/arm-buildroot-linux-gnueabihf-g++       -rdynamic CMakeFiles/cmTC_bed78.dir/testCXXCompiler.cxx.o  -o cmTC_bed78 
make[1]: Leaving directory '/home/jake/Documents/ArUco_Detect/pbuild/CMakeFiles/CMakeTmp'


Detecting CXX compiler ABI info compiled with the following output:
Change Dir: /home/jake/Documents/ArUco_Detect/pbuild/CMakeFiles/CMakeTmp

Run Build Command:"/usr/bin/make" "cmTC_0f8cf/fast"
/usr/bin/make -f CMakeFiles/cmTC_0f8cf.dir/build.make CMakeFiles/cmTC_0f8cf.dir/build
make[1]: Entering directory '/home/jake/Documents/ArUco_Detect/pbuild/CMakeFiles/CMakeTmp'
Building CXX object CMakeFiles/cmTC_0f8cf.dir/CMakeCXXCompilerABI.cpp.o
/usr/share/jevois-sdk/out/sun8iw5p1/linux/common/buildroot/host/usr/bin/arm-buildroot-linux-gnueabihf-g++     -o CMakeFiles/cmTC_0f8cf.dir/CMakeCXXCompilerABI.cpp.o -c /usr/share/cmake-3.10/Modules/CMakeCXXCompilerABI.cpp
Linking CXX executable cmTC_0f8cf
/usr/bin/cmake -E cmake_link_script CMakeFiles/cmTC_0f8cf.dir/link.txt --verbose=1
/usr/share/jevois-sdk/out/sun8iw5p1/linux/common/buildroot/host/usr/bin/arm-buildroot-linux-gnueabihf-g++      -v -rdynamic CMakeFiles/cmTC_0f8cf.dir/CMakeCXXCompilerABI.cpp.o  -o cmTC_0f8cf 
Using built-in specs.
COLLECT_GCC=/usr/share/jevois-sdk/out/sun8iw5p1/linux/common/buildroot/host/bin/arm-buildroot-linux-gnueabihf-g++.br_real
COLLECT_LTO_WRAPPER=/usr/share/jevois-sdk/out/sun8iw5p1/linux/common/buildroot/host/libexec/gcc/arm-buildroot-linux-gnueabihf/8.3.0/lto-wrapper
Target: arm-buildroot-linux-gnueabihf
Configured with: ./configure --prefix=/usr/share/jevois-sdk/out/sun8iw5p1/linux/common/buildroot/host --sysconfdir=/usr/share/jevois-sdk/out/sun8iw5p1/linux/common/buildroot/host/etc --enable-static --target=arm-buildroot-linux-gnueabihf --with-sysroot=/usr/share/jevois-sdk/out/sun8iw5p1/linux/common/buildroot/host/arm-buildroot-linux-gnueabihf/sysroot --enable-__cxa_atexit --with-gnu-ld --disable-libssp --disable-multilib --disable-decimal-float --with-gmp=/usr/share/jevois-sdk/out/sun8iw5p1/linux/common/buildroot/host --with-mpc=/usr/share/jevois-sdk/out/sun8iw5p1/linux/common/buildroot/host --with-mpfr=/usr/share/jevois-sdk/out/sun8iw5p1/linux/common/buildroot/host --with-pkgversion='Buildroot 2019.05-rc2-gd5ae55ae4' --with-bugurl=http://bugs.buildroot.net/ --disable-libquadmath --enable-tls --enable-plugins --enable-lto --disable-libmudflap --enable-threads --with-isl=/usr/share/jevois-sdk/out/sun8iw5p1/linux/common/buildroot/host --with-abi=aapcs-linux --with-cpu=cortex-a7 --with-fpu=neon-vfpv4 --with-float=hard --with-mode=arm --enable-languages=c,c++,fortran --with-build-time-tools=/usr/share/jevois-sdk/out/sun8iw5p1/linux/common/buildroot/host/arm-buildroot-linux-gnueabihf/bin --enable-shared --enable-libgomp
Thread model: posix
gcc version 8.3.0 (Buildroot 2019.05-rc2-gd5ae55ae4) 
COMPILER_PATH=/usr/share/jevois-sdk/out/sun8iw5p1/linux/common/buildroot/host/libexec/gcc/arm-buildroot-linux-gnueabihf/8.3.0/:/usr/share/jevois-sdk/out/sun8iw5p1/linux/common/buildroot/host/libexec/gcc/arm-buildroot-linux-gnueabihf/8.3.0/:/usr/share/jevois-sdk/out/sun8iw5p1/linux/common/buildroot/host/libexec/gcc/arm-buildroot-linux-gnueabihf/:/usr/share/jevois-sdk/out/sun8iw5p1/linux/common/buildroot/host/lib/gcc/arm-buildroot-linux-gnueabihf/8.3.0/:/usr/share/jevois-sdk/out/sun8iw5p1/linux/common/buildroot/host/lib/gcc/arm-buildroot-linux-gnueabihf/:/usr/share/jevois-sdk/out/sun8iw5p1/linux/common/buildroot/host/lib/gcc/arm-buildroot-linux-gnueabihf/8.3.0/../../../../arm-buildroot-linux-gnueabihf/bin/
LIBRARY_PATH=/usr/share/jevois-sdk/out/sun8iw5p1/linux/common/buildroot/host/lib/gcc/arm-buildroot-linux-gnueabihf/8.3.0/:/usr/share/jevois-sdk/out/sun8iw5p1/linux/common/buildroot/host/lib/gcc/arm-buildroot-linux-gnueabihf/8.3.0/../../../../arm-buildroot-linux-gnueabihf/lib/:/usr/share/jevois-sdk/out/sun8iw5p1/linux/common/buildroot/host/arm-buildroot-linux-gnueabihf/sysroot/lib/:/usr/share/jevois-sdk/out/sun8iw5p1/linux/common/buildroot/host/arm-buildroot-linux-gnueabihf/sysroot/usr/lib/
COLLECT_GCC_OPTIONS='-v' '-rdynamic' '-o' 'cmTC_0f8cf' '-shared-libgcc' '-mcpu=cortex-a7' '-mfloat-abi=hard' '-mfpu=neon-vfpv4' '-mabi=aapcs-linux' '-marm' '-mtls-dialect=gnu' '-march=armv7ve+simd'
 /usr/share/jevois-sdk/out/sun8iw5p1/linux/common/buildroot/host/libexec/gcc/arm-buildroot-linux-gnueabihf/8.3.0/collect2 -plugin /usr/share/jevois-sdk/out/sun8iw5p1/linux/common/buildroot/host/libexec/gcc/arm-buildroot-linux-gnueabihf/8.3.0/liblto_plugin.so -plugin-opt=/usr/share/jevois-sdk/out/sun8iw5p1/linux/common/buildroot/host/libexec/gcc/arm-buildroot-linux-gnueabihf/8.3.0/lto-wrapper -plugin-opt=-fresolution=/tmp/ccBiL2xR.res -plugin-opt=-pass-through=-lgcc_s -plugin-opt=-pass-through=-lgcc -plugin-opt=-pass-through=-lc -plugin-opt=-pass-through=-lgcc_s -plugin-opt=-pass-through=-lgcc --sysroot=/usr/share/jevois-sdk/out/sun8iw5p1/linux/common/buildroot/host/arm-buildroot-linux-gnueabihf/sysroot --eh-frame-hdr -export-dynamic -dynamic-linker /lib/ld-linux-armhf.so.3 -X -m armelf_linux_eabi -o cmTC_0f8cf /usr/share/jevois-sdk/out/sun8iw5p1/linux/common/buildroot/host/arm-buildroot-linux-gnueabihf/sysroot/usr/lib/crt1.o /usr/share/jevois-sdk/out/sun8iw5p1/linux/common/buildroot/host/arm-buildroot-linux-gnueabihf/sysroot/usr/lib/crti.o /usr/share/jevois-sdk/out/sun8iw5p1/linux/common/buildroot/host/lib/gcc/arm-buildroot-linux-gnueabihf/8.3.0/crtbegin.o -L/usr/share/jevois-sdk/out/sun8iw5p1/linux/common/buildroot/host/lib/gcc/arm-buildroot-linux-gnueabihf/8.3.0 -L/usr/share/jevois-sdk/out/sun8iw5p1/linux/common/buildroot/host/lib/gcc/arm-buildroot-linux-gnueabihf/8.3.0/../../../../arm-buildroot-linux-gnueabihf/lib -L/usr/share/jevois-sdk/out/sun8iw5p1/linux/common/buildroot/host/arm-buildroot-linux-gnueabihf/sysroot/lib -L/usr/share/jevois-sdk/out/sun8iw5p1/linux/common/buildroot/host/arm-buildroot-linux-gnueabihf/sysroot/usr/lib CMakeFiles/cmTC_0f8cf.dir/CMakeCXXCompilerABI.cpp.o -lstdc++ -lm -lgcc_s -lgcc -lc -lgcc_s -lgcc /usr/share/jevois-sdk/out/sun8iw5p1/linux/common/buildroot/host/lib/gcc/arm-buildroot-linux-gnueabihf/8.3.0/crtend.o /usr/share/jevois-sdk/out/sun8iw5p1/linux/common/buildroot/host/arm-buildroot-linux-gnueabihf/sysroot/usr/lib/crtn.o
COLLECT_GCC_OPTIONS='-v' '-rdynamic' '-o' 'cmTC_0f8cf' '-shared-libgcc' '-mcpu=cortex-a7' '-mfloat-abi=hard' '-mfpu=neon-vfpv4' '-mabi=aapcs-linux' '-marm' '-mtls-dialect=gnu' '-march=armv7ve+simd'
make[1]: Leaving directory '/home/jake/Documents/ArUco_Detect/pbuild/CMakeFiles/CMakeTmp'


Parsed CXX implicit link information from above output:
  link line regex: [^( *|.*[/\])(ld|CMAKE_LINK_STARTFILE-NOTFOUND|([^/\]+-)?ld|collect2)[^/\]*( |$)]
  ignore line: [Change Dir: /home/jake/Documents/ArUco_Detect/pbuild/CMakeFiles/CMakeTmp]
  ignore line: []
  ignore line: [Run Build Command:"/usr/bin/make" "cmTC_0f8cf/fast"]
  ignore line: [/usr/bin/make -f CMakeFiles/cmTC_0f8cf.dir/build.make CMakeFiles/cmTC_0f8cf.dir/build]
  ignore line: [make[1]: Entering directory '/home/jake/Documents/ArUco_Detect/pbuild/CMakeFiles/CMakeTmp']
  ignore line: [Building CXX object CMakeFiles/cmTC_0f8cf.dir/CMakeCXXCompilerABI.cpp.o]
  ignore line: [/usr/share/jevois-sdk/out/sun8iw5p1/linux/common/buildroot/host/usr/bin/arm-buildroot-linux-gnueabihf-g++     -o CMakeFiles/cmTC_0f8cf.dir/CMakeCXXCompilerABI.cpp.o -c /usr/share/cmake-3.10/Modules/CMakeCXXCompilerABI.cpp]
  ignore line: [Linking CXX executable cmTC_0f8cf]
  ignore line: [/usr/bin/cmake -E cmake_link_script CMakeFiles/cmTC_0f8cf.dir/link.txt --verbose=1]
  ignore line: [/usr/share/jevois-sdk/out/sun8iw5p1/linux/common/buildroot/host/usr/bin/arm-buildroot-linux-gnueabihf-g++      -v -rdynamic CMakeFiles/cmTC_0f8cf.dir/CMakeCXXCompilerABI.cpp.o  -o cmTC_0f8cf ]
  ignore line: [Using built-in specs.]
  ignore line: [COLLECT_GCC=/usr/share/jevois-sdk/out/sun8iw5p1/linux/common/buildroot/host/bin/arm-buildroot-linux-gnueabihf-g++.br_real]
  ignore line: [COLLECT_LTO_WRAPPER=/usr/share/jevois-sdk/out/sun8iw5p1/linux/common/buildroot/host/libexec/gcc/arm-buildroot-linux-gnueabihf/8.3.0/lto-wrapper]
  ignore line: [Target: arm-buildroot-linux-gnueabihf]
  ignore line: [Configured with: ./configure --prefix=/usr/share/jevois-sdk/out/sun8iw5p1/linux/common/buildroot/host --sysconfdir=/usr/share/jevois-sdk/out/sun8iw5p1/linux/common/buildroot/host/etc --enable-static --target=arm-buildroot-linux-gnueabihf --with-sysroot=/usr/share/jevois-sdk/out/sun8iw5p1/linux/common/buildroot/host/arm-buildroot-linux-gnueabihf/sysroot --enable-__cxa_atexit --with-gnu-ld --disable-libssp --disable-multilib --disable-decimal-float --with-gmp=/usr/share/jevois-sdk/out/sun8iw5p1/linux/common/buildroot/host --with-mpc=/usr/share/jevois-sdk/out/sun8iw5p1/linux/common/buildroot/host --with-mpfr=/usr/share/jevois-sdk/out/sun8iw5p1/linux/common/buildroot/host --with-pkgversion='Buildroot 2019.05-rc2-gd5ae55ae4' --with-bugurl=http://bugs.buildroot.net/ --disable-libquadmath --enable-tls --enable-plugins --enable-lto --disable-libmudflap --enable-threads --with-isl=/usr/share/jevois-sdk/out/sun8iw5p1/linux/common/buildroot/host --with-abi=aapcs-linux --with-cpu=cortex-a7 --with-fpu=neon-vfpv4 --with-float=hard --with-mode=arm --enable-languages=c,c++,fortran --with-build-time-tools=/usr/share/jevois-sdk/out/sun8iw5p1/linux/common/buildroot/host/arm-buildroot-linux-gnueabihf/bin --enable-shared --enable-libgomp]
  ignore line: [Thread model: posix]
  ignore line: [gcc version 8.3.0 (Buildroot 2019.05-rc2-gd5ae55ae4) ]
  ignore line: [COMPILER_PATH=/usr/share/jevois-sdk/out/sun8iw5p1/linux/common/buildroot/host/libexec/gcc/arm-buildroot-linux-gnueabihf/8.3.0/:/usr/share/jevois-sdk/out/sun8iw5p1/linux/common/buildroot/host/libexec/gcc/arm-buildroot-linux-gnueabihf/8.3.0/:/usr/share/jevois-sdk/out/sun8iw5p1/linux/common/buildroot/host/libexec/gcc/arm-buildroot-linux-gnueabihf/:/usr/share/jevois-sdk/out/sun8iw5p1/linux/common/buildroot/host/lib/gcc/arm-buildroot-linux-gnueabihf/8.3.0/:/usr/share/jevois-sdk/out/sun8iw5p1/linux/common/buildroot/host/lib/gcc/arm-buildroot-linux-gnueabihf/:/usr/share/jevois-sdk/out/sun8iw5p1/linux/common/buildroot/host/lib/gcc/arm-buildroot-linux-gnueabihf/8.3.0/../../../../arm-buildroot-linux-gnueabihf/bin/]
  ignore line: [LIBRARY_PATH=/usr/share/jevois-sdk/out/sun8iw5p1/linux/common/buildroot/host/lib/gcc/arm-buildroot-linux-gnueabihf/8.3.0/:/usr/share/jevois-sdk/out/sun8iw5p1/linux/common/buildroot/host/lib/gcc/arm-buildroot-linux-gnueabihf/8.3.0/../../../../arm-buildroot-linux-gnueabihf/lib/:/usr/share/jevois-sdk/out/sun8iw5p1/linux/common/buildroot/host/arm-buildroot-linux-gnueabihf/sysroot/lib/:/usr/share/jevois-sdk/out/sun8iw5p1/linux/common/buildroot/host/arm-buildroot-linux-gnueabihf/sysroot/usr/lib/]
  ignore line: [COLLECT_GCC_OPTIONS='-v' '-rdynamic' '-o' 'cmTC_0f8cf' '-shared-libgcc' '-mcpu=cortex-a7' '-mfloat-abi=hard' '-mfpu=neon-vfpv4' '-mabi=aapcs-linux' '-marm' '-mtls-dialect=gnu' '-march=armv7ve+simd']
  link line: [ /usr/share/jevois-sdk/out/sun8iw5p1/linux/common/buildroot/host/libexec/gcc/arm-buildroot-linux-gnueabihf/8.3.0/collect2 -plugin /usr/share/jevois-sdk/out/sun8iw5p1/linux/common/buildroot/host/libexec/gcc/arm-buildroot-linux-gnueabihf/8.3.0/liblto_plugin.so -plugin-opt=/usr/share/jevois-sdk/out/sun8iw5p1/linux/common/buildroot/host/libexec/gcc/arm-buildroot-linux-gnueabihf/8.3.0/lto-wrapper -plugin-opt=-fresolution=/tmp/ccBiL2xR.res -plugin-opt=-pass-through=-lgcc_s -plugin-opt=-pass-through=-lgcc -plugin-opt=-pass-through=-lc -plugin-opt=-pass-through=-lgcc_s -plugin-opt=-pass-through=-lgcc --sysroot=/usr/share/jevois-sdk/out/sun8iw5p1/linux/common/buildroot/host/arm-buildroot-linux-gnueabihf/sysroot --eh-frame-hdr -export-dynamic -dynamic-linker /lib/ld-linux-armhf.so.3 -X -m armelf_linux_eabi -o cmTC_0f8cf /usr/share/jevois-sdk/out/sun8iw5p1/linux/common/buildroot/host/arm-buildroot-linux-gnueabihf/sysroot/usr/lib/crt1.o /usr/share/jevois-sdk/out/sun8iw5p1/linux/common/buildroot/host/arm-buildroot-linux-gnueabihf/sysroot/usr/lib/crti.o /usr/share/jevois-sdk/out/sun8iw5p1/linux/common/buildroot/host/lib/gcc/arm-buildroot-linux-gnueabihf/8.3.0/crtbegin.o -L/usr/share/jevois-sdk/out/sun8iw5p1/linux/common/buildroot/host/lib/gcc/arm-buildroot-linux-gnueabihf/8.3.0 -L/usr/share/jevois-sdk/out/sun8iw5p1/linux/common/buildroot/host/lib/gcc/arm-buildroot-linux-gnueabihf/8.3.0/../../../../arm-buildroot-linux-gnueabihf/lib -L/usr/share/jevois-sdk/out/sun8iw5p1/linux/common/buildroot/host/arm-buildroot-linux-gnueabihf/sysroot/lib -L/usr/share/jevois-sdk/out/sun8iw5p1/linux/common/buildroot/host/arm-buildroot-linux-gnueabihf/sysroot/usr/lib CMakeFiles/cmTC_0f8cf.dir/CMakeCXXCompilerABI.cpp.o -lstdc++ -lm -lgcc_s -lgcc -lc -lgcc_s -lgcc /usr/share/jevois-sdk/out/sun8iw5p1/linux/common/buildroot/host/lib/gcc/arm-buildroot-linux-gnueabihf/8.3.0/crtend.o /usr/share/jevois-sdk/out/sun8iw5p1/linux/common/buildroot/host/arm-buildroot-linux-gnueabihf/sysroot/usr/lib/crtn.o]
    arg [/usr/share/jevois-sdk/out/sun8iw5p1/linux/common/buildroot/host/libexec/gcc/arm-buildroot-linux-gnueabihf/8.3.0/collect2] ==> ignore
    arg [-plugin] ==> ignore
    arg [/usr/share/jevois-sdk/out/sun8iw5p1/linux/common/buildroot/host/libexec/gcc/arm-buildroot-linux-gnueabihf/8.3.0/liblto_plugin.so] ==> ignore
    arg [-plugin-opt=/usr/share/jevois-sdk/out/sun8iw5p1/linux/common/buildroot/host/libexec/gcc/arm-buildroot-linux-gnueabihf/8.3.0/lto-wrapper] ==> ignore
    arg [-plugin-opt=-fresolution=/tmp/ccBiL2xR.res] ==> ignore
    arg [-plugin-opt=-pass-through=-lgcc_s] ==> ignore
    arg [-plugin-opt=-pass-through=-lgcc] ==> ignore
    arg [-plugin-opt=-pass-through=-lc] ==> ignore
    arg [-plugin-opt=-pass-through=-lgcc_s] ==> ignore
    arg [-plugin-opt=-pass-through=-lgcc] ==> ignore
    arg [--sysroot=/usr/share/jevois-sdk/out/sun8iw5p1/linux/common/buildroot/host/arm-buildroot-linux-gnueabihf/sysroot] ==> ignore
    arg [--eh-frame-hdr] ==> ignore
    arg [-export-dynamic] ==> ignore
    arg [-dynamic-linker] ==> ignore
    arg [/lib/ld-linux-armhf.so.3] ==> ignore
    arg [-X] ==> ignore
    arg [-m] ==> ignore
    arg [armelf_linux_eabi] ==> ignore
    arg [-o] ==> ignore
    arg [cmTC_0f8cf] ==> ignore
    arg [/usr/share/jevois-sdk/out/sun8iw5p1/linux/common/buildroot/host/arm-buildroot-linux-gnueabihf/sysroot/usr/lib/crt1.o] ==> ignore
    arg [/usr/share/jevois-sdk/out/sun8iw5p1/linux/common/buildroot/host/arm-buildroot-linux-gnueabihf/sysroot/usr/lib/crti.o] ==> ignore
    arg [/usr/share/jevois-sdk/out/sun8iw5p1/linux/common/buildroot/host/lib/gcc/arm-buildroot-linux-gnueabihf/8.3.0/crtbegin.o] ==> ignore
    arg [-L/usr/share/jevois-sdk/out/sun8iw5p1/linux/common/buildroot/host/lib/gcc/arm-buildroot-linux-gnueabihf/8.3.0] ==> dir [/usr/share/jevois-sdk/out/sun8iw5p1/linux/common/buildroot/host/lib/gcc/arm-buildroot-linux-gnueabihf/8.3.0]
    arg [-L/usr/share/jevois-sdk/out/sun8iw5p1/linux/common/buildroot/host/lib/gcc/arm-buildroot-linux-gnueabihf/8.3.0/../../../../arm-buildroot-linux-gnueabihf/lib] ==> dir [/usr/share/jevois-sdk/out/sun8iw5p1/linux/common/buildroot/host/lib/gcc/arm-buildroot-linux-gnueabihf/8.3.0/../../../../arm-buildroot-linux-gnueabihf/lib]
    arg [-L/usr/share/jevois-sdk/out/sun8iw5p1/linux/common/buildroot/host/arm-buildroot-linux-gnueabihf/sysroot/lib] ==> dir [/usr/share/jevois-sdk/out/sun8iw5p1/linux/common/buildroot/host/arm-buildroot-linux-gnueabihf/sysroot/lib]
    arg [-L/usr/share/jevois-sdk/out/sun8iw5p1/linux/common/buildroot/host/arm-buildroot-linux-gnueabihf/sysroot/usr/lib] ==> dir [/usr/share/jevois-sdk/out/sun8iw5p1/linux/common/buildroot/host/arm-buildroot-linux-gnueabihf/sysroot/usr/lib]
    arg [CMakeFiles/cmTC_0f8cf.dir/CMakeCXXCompilerABI.cpp.o] ==> ignore
    arg [-lstdc++] ==> lib [stdc++]
    arg [-lm] ==> lib [m]
    arg [-lgcc_s] ==> lib [gcc_s]
    arg [-lgcc] ==> lib [gcc]
    arg [-lc] ==> lib [c]
    arg [-lgcc_s] ==> lib [gcc_s]
    arg [-lgcc] ==> lib [gcc]
    arg [/usr/share/jevois-sdk/out/sun8iw5p1/linux/common/buildroot/host/lib/gcc/arm-buildroot-linux-gnueabihf/8.3.0/crtend.o] ==> ignore
    arg [/usr/share/jevois-sdk/out/sun8iw5p1/linux/common/buildroot/host/arm-buildroot-linux-gnueabihf/sysroot/usr/lib/crtn.o] ==> ignore
  collapse library dir [/usr/share/jevois-sdk/out/sun8iw5p1/linux/common/buildroot/host/lib/gcc/arm-buildroot-linux-gnueabihf/8.3.0] ==> [/usr/share/jevois-sdk/out/sun8iw5p1/linux/common/buildroot/host/lib/gcc/arm-buildroot-linux-gnueabihf/8.3.0]
  collapse library dir [/usr/share/jevois-sdk/out/sun8iw5p1/linux/common/buildroot/host/lib/gcc/arm-buildroot-linux-gnueabihf/8.3.0/../../../../arm-buildroot-linux-gnueabihf/lib] ==> [/usr/share/jevois-sdk/out/sun8iw5p1/linux/common/buildroot/host/arm-buildroot-linux-gnueabihf/lib]
  collapse library dir [/usr/share/jevois-sdk/out/sun8iw5p1/linux/common/buildroot/host/arm-buildroot-linux-gnueabihf/sysroot/lib] ==> [/usr/share/jevois-sdk/out/sun8iw5p1/linux/common/buildroot/host/arm-buildroot-linux-gnueabihf/sysroot/lib]
  collapse library dir [/usr/share/jevois-sdk/out/sun8iw5p1/linux/common/buildroot/host/arm-buildroot-linux-gnueabihf/sysroot/usr/lib] ==> [/usr/share/jevois-sdk/out/sun8iw5p1/linux/common/buildroot/host/arm-buildroot-linux-gnueabihf/sysroot/usr/lib]
  implicit libs: [stdc++;m;gcc_s;gcc;c;gcc_s;gcc]
  implicit dirs: [/usr/share/jevois-sdk/out/sun8iw5p1/linux/common/buildroot/host/lib/gcc/arm-buildroot-linux-gnueabihf/8.3.0;/usr/share/jevois-sdk/out/sun8iw5p1/linux/common/buildroot/host/arm-buildroot-linux-gnueabihf/lib;/usr/share/jevois-sdk/out/sun8iw5p1/linux/common/buildroot/host/arm-buildroot-linux-gnueabihf/sysroot/lib;/usr/share/jevois-sdk/out/sun8iw5p1/linux/common/buildroot/host/arm-buildroot-linux-gnueabihf/sysroot/usr/lib]
  implicit fwks: []




Detecting CXX [-std=c++1z] compiler features compiled with the following output:
Change Dir: /home/jake/Documents/ArUco_Detect/pbuild/CMakeFiles/CMakeTmp

Run Build Command:"/usr/bin/make" "cmTC_c4232/fast"
/usr/bin/make -f CMakeFiles/cmTC_c4232.dir/build.make CMakeFiles/cmTC_c4232.dir/build
make[1]: Entering directory '/home/jake/Documents/ArUco_Detect/pbuild/CMakeFiles/CMakeTmp'
Building CXX object CMakeFiles/cmTC_c4232.dir/feature_tests.cxx.o
/usr/share/jevois-sdk/out/sun8iw5p1/linux/common/buildroot/host/usr/bin/arm-buildroot-linux-gnueabihf-g++    -std=c++1z -o CMakeFiles/cmTC_c4232.dir/feature_tests.cxx.o -c /home/jake/Documents/ArUco_Detect/pbuild/CMakeFiles/feature_tests.cxx
Linking CXX executable cmTC_c4232
/usr/bin/cmake -E cmake_link_script CMakeFiles/cmTC_c4232.dir/link.txt --verbose=1
/usr/share/jevois-sdk/out/sun8iw5p1/linux/common/buildroot/host/usr/bin/arm-buildroot-linux-gnueabihf-g++       -rdynamic CMakeFiles/cmTC_c4232.dir/feature_tests.cxx.o  -o cmTC_c4232 
make[1]: Leaving directory '/home/jake/Documents/ArUco_Detect/pbuild/CMakeFiles/CMakeTmp'


    Feature record: CXX_FEATURE:1cxx_aggregate_default_initializers
    Feature record: CXX_FEATURE:1cxx_alias_templates
    Feature record: CXX_FEATURE:1cxx_alignas
    Feature record: CXX_FEATURE:1cxx_alignof
    Feature record: CXX_FEATURE:1cxx_attributes
    Feature record: CXX_FEATURE:1cxx_attribute_deprecated
    Feature record: CXX_FEATURE:1cxx_auto_type
    Feature record: CXX_FEATURE:1cxx_binary_literals
    Feature record: CXX_FEATURE:1cxx_constexpr
    Feature record: CXX_FEATURE:1cxx_contextual_conversions
    Feature record: CXX_FEATURE:1cxx_decltype
    Feature record: CXX_FEATURE:1cxx_decltype_auto
    Feature record: CXX_FEATURE:1cxx_decltype_incomplete_return_types
    Feature record: CXX_FEATURE:1cxx_default_function_template_args
    Feature record: CXX_FEATURE:1cxx_defaulted_functions
    Feature record: CXX_FEATURE:1cxx_defaulted_move_initializers
    Feature record: CXX_FEATURE:1cxx_delegating_constructors
    Feature record: CXX_FEATURE:1cxx_deleted_functions
    Feature record: CXX_FEATURE:1cxx_digit_separators
    Feature record: CXX_FEATURE:1cxx_enum_forward_declarations
    Feature record: CXX_FEATURE:1cxx_explicit_conversions
    Feature record: CXX_FEATURE:1cxx_extended_friend_declarations
    Feature record: CXX_FEATURE:1cxx_extern_templates
    Feature record: CXX_FEATURE:1cxx_final
    Feature record: CXX_FEATURE:1cxx_func_identifier
    Feature record: CXX_FEATURE:1cxx_generalized_initializers
    Feature record: CXX_FEATURE:1cxx_generic_lambdas
    Feature record: CXX_FEATURE:1cxx_inheriting_constructors
    Feature record: CXX_FEATURE:1cxx_inline_namespaces
    Feature record: CXX_FEATURE:1cxx_lambdas
    Feature record: CXX_FEATURE:1cxx_lambda_init_captures
    Feature record: CXX_FEATURE:1cxx_local_type_template_args
    Feature record: CXX_FEATURE:1cxx_long_long_type
    Feature record: CXX_FEATURE:1cxx_noexcept
    Feature record: CXX_FEATURE:1cxx_nonstatic_member_init
    Feature record: CXX_FEATURE:1cxx_nullptr
    Feature record: CXX_FEATURE:1cxx_override
    Feature record: CXX_FEATURE:1cxx_range_for
    Feature record: CXX_FEATURE:1cxx_raw_string_literals
    Feature record: CXX_FEATURE:1cxx_reference_qualified_functions
    Feature record: CXX_FEATURE:1cxx_relaxed_constexpr
    Feature record: CXX_FEATURE:1cxx_return_type_deduction
    Feature record: CXX_FEATURE:1cxx_right_angle_brackets
    Feature record: CXX_FEATURE:1cxx_rvalue_references
    Feature record: CXX_FEATURE:1cxx_sizeof_member
    Feature record: CXX_FEATURE:1cxx_static_assert
    Feature record: CXX_FEATURE:1cxx_strong_enums
    Feature record: CXX_FEATURE:1cxx_template_template_parameters
    Feature record: CXX_FEATURE:1cxx_thread_local
    Feature record: CXX_FEATURE:1cxx_trailing_return_types
    Feature record: CXX_FEATURE:1cxx_unicode_literals
    Feature record: CXX_FEATURE:1cxx_uniform_initialization
    Feature record: CXX_FEATURE:1cxx_unrestricted_unions
    Feature record: CXX_FEATURE:1cxx_user_literals
    Feature record: CXX_FEATURE:1cxx_variable_templates
    Feature record: CXX_FEATURE:1cxx_variadic_macros
    Feature record: CXX_FEATURE:1cxx_variadic_templates


Detecting CXX [-std=c++14] compiler features compiled with the following output:
Change Dir: /home/jake/Documents/ArUco_Detect/pbuild/CMakeFiles/CMakeTmp

Run Build Command:"/usr/bin/make" "cmTC_37ec7/fast"
/usr/bin/make -f CMakeFiles/cmTC_37ec7.dir/build.make CMakeFiles/cmTC_37ec7.dir/build
make[1]: Entering directory '/home/jake/Documents/ArUco_Detect/pbuild/CMakeFiles/CMakeTmp'
Building CXX object CMakeFiles/cmTC_37ec7.dir/feature_tests.cxx.o
/usr/share/jevois-sdk/out/sun8iw5p1/linux/common/buildroot/host/usr/bin/arm-buildroot-linux-gnueabihf-g++    -std=c++14 -o CMakeFiles/cmTC_37ec7.dir/feature_tests.cxx.o -c /home/jake/Documents/ArUco_Detect/pbuild/CMakeFiles/feature_tests.cxx
Linking CXX executable cmTC_37ec7
/usr/bin/cmake -E cmake_link_script CMakeFiles/cmTC_37ec7.dir/link.txt --verbose=1
/usr/share/jevois-sdk/out/sun8iw5p1/linux/common/buildroot/host/usr/bin/arm-buildroot-linux-gnueabihf-g++       -rdynamic CMakeFiles/cmTC_37ec7.dir/feature_tests.cxx.o  -o cmTC_37ec7 
make[1]: Leaving directory '/home/jake/Documents/ArUco_Detect/pbuild/CMakeFiles/CMakeTmp'


    Feature record: CXX_FEATURE:1cxx_aggregate_default_initializers
    Feature record: CXX_FEATURE:1cxx_alias_templates
    Feature record: CXX_FEATURE:1cxx_alignas
    Feature record: CXX_FEATURE:1cxx_alignof
    Feature record: CXX_FEATURE:1cxx_attributes
    Feature record: CXX_FEATURE:1cxx_attribute_deprecated
    Feature record: CXX_FEATURE:1cxx_auto_type
    Feature record: CXX_FEATURE:1cxx_binary_literals
    Feature record: CXX_FEATURE:1cxx_constexpr
    Feature record: CXX_FEATURE:1cxx_contextual_conversions
    Feature record: CXX_FEATURE:1cxx_decltype
    Feature record: CXX_FEATURE:1cxx_decltype_auto
    Feature record: CXX_FEATURE:1cxx_decltype_incomplete_return_types
    Feature record: CXX_FEATURE:1cxx_default_function_template_args
    Feature record: CXX_FEATURE:1cxx_defaulted_functions
    Feature record: CXX_FEATURE:1cxx_defaulted_move_initializers
    Feature record: CXX_FEATURE:1cxx_delegating_constructors
    Feature record: CXX_FEATURE:1cxx_deleted_functions
    Feature record: CXX_FEATURE:1cxx_digit_separators
    Feature record: CXX_FEATURE:1cxx_enum_forward_declarations
    Feature record: CXX_FEATURE:1cxx_explicit_conversions
    Feature record: CXX_FEATURE:1cxx_extended_friend_declarations
    Feature record: CXX_FEATURE:1cxx_extern_templates
    Feature record: CXX_FEATURE:1cxx_final
    Feature record: CXX_FEATURE:1cxx_func_identifier
    Feature record: CXX_FEATURE:1cxx_generalized_initializers
    Feature record: CXX_FEATURE:1cxx_generic_lambdas
    Feature record: CXX_FEATURE:1cxx_inheriting_constructors
    Feature record: CXX_FEATURE:1cxx_inline_namespaces
    Feature record: CXX_FEATURE:1cxx_lambdas
    Feature record: CXX_FEATURE:1cxx_lambda_init_captures
    Feature record: CXX_FEATURE:1cxx_local_type_template_args
    Feature record: CXX_FEATURE:1cxx_long_long_type
    Feature record: CXX_FEATURE:1cxx_noexcept
    Feature record: CXX_FEATURE:1cxx_nonstatic_member_init
    Feature record: CXX_FEATURE:1cxx_nullptr
    Feature record: CXX_FEATURE:1cxx_override
    Feature record: CXX_FEATURE:1cxx_range_for
    Feature record: CXX_FEATURE:1cxx_raw_string_literals
    Feature record: CXX_FEATURE:1cxx_reference_qualified_functions
    Feature record: CXX_FEATURE:1cxx_relaxed_constexpr
    Feature record: CXX_FEATURE:1cxx_return_type_deduction
    Feature record: CXX_FEATURE:1cxx_right_angle_brackets
    Feature record: CXX_FEATURE:1cxx_rvalue_references
    Feature record: CXX_FEATURE:1cxx_sizeof_member
    Feature record: CXX_FEATURE:1cxx_static_assert
    Feature record: CXX_FEATURE:1cxx_strong_enums
    Feature record: CXX_FEATURE:1cxx_template_template_parameters
    Feature record: CXX_FEATURE:1cxx_thread_local
    Feature record: CXX_FEATURE:1cxx_trailing_return_types
    Feature record: CXX_FEATURE:1cxx_unicode_literals
    Feature record: CXX_FEATURE:1cxx_uniform_initialization
    Feature record: CXX_FEATURE:1cxx_unrestricted_unions
    Feature record: CXX_FEATURE:1cxx_user_literals
    Feature record: CXX_FEATURE:1cxx_variable_templates
    Feature record: CXX_FEATURE:1cxx_variadic_macros
    Feature record: CXX_FEATURE:1cxx_variadic_templates


Detecting CXX [-std=c++11] compiler features compiled with the following output:
Change Dir: /home/jake/Documents/ArUco_Detect/pbuild/CMakeFiles/CMakeTmp

Run Build Command:"/usr/bin/make" "cmTC_68d9a/fast"
/usr/bin/make -f CMakeFiles/cmTC_68d9a.dir/build.make CMakeFiles/cmTC_68d9a.dir/build
make[1]: Entering directory '/home/jake/Documents/ArUco_Detect/pbuild/CMakeFiles/CMakeTmp'
Building CXX object CMakeFiles/cmTC_68d9a.dir/feature_tests.cxx.o
/usr/share/jevois-sdk/out/sun8iw5p1/linux/common/buildroot/host/usr/bin/arm-buildroot-linux-gnueabihf-g++    -std=c++11 -o CMakeFiles/cmTC_68d9a.dir/feature_tests.cxx.o -c /home/jake/Documents/ArUco_Detect/pbuild/CMakeFiles/feature_tests.cxx
Linking CXX executable cmTC_68d9a
/usr/bin/cmake -E cmake_link_script CMakeFiles/cmTC_68d9a.dir/link.txt --verbose=1
/usr/share/jevois-sdk/out/sun8iw5p1/linux/common/buildroot/host/usr/bin/arm-buildroot-linux-gnueabihf-g++       -rdynamic CMakeFiles/cmTC_68d9a.dir/feature_tests.cxx.o  -o cmTC_68d9a 
make[1]: Leaving directory '/home/jake/Documents/ArUco_Detect/pbuild/CMakeFiles/CMakeTmp'


    Feature record: CXX_FEATURE:0cxx_aggregate_default_initializers
    Feature record: CXX_FEATURE:1cxx_alias_templates
    Feature record: CXX_FEATURE:1cxx_alignas
    Feature record: CXX_FEATURE:1cxx_alignof
    Feature record: CXX_FEATURE:1cxx_attributes
    Feature record: CXX_FEATURE:0cxx_attribute_deprecated
    Feature record: CXX_FEATURE:1cxx_auto_type
    Feature record: CXX_FEATURE:0cxx_binary_literals
    Feature record: CXX_FEATURE:1cxx_constexpr
    Feature record: CXX_FEATURE:0cxx_contextual_conversions
    Feature record: CXX_FEATURE:1cxx_decltype
    Feature record: CXX_FEATURE:0cxx_decltype_auto
    Feature record: CXX_FEATURE:1cxx_decltype_incomplete_return_types
    Feature record: CXX_FEATURE:1cxx_default_function_template_args
    Feature record: CXX_FEATURE:1cxx_defaulted_functions
    Feature record: CXX_FEATURE:1cxx_defaulted_move_initializers
    Feature record: CXX_FEATURE:1cxx_delegating_constructors
    Feature record: CXX_FEATURE:1cxx_deleted_functions
    Feature record: CXX_FEATURE:0cxx_digit_separators
    Feature record: CXX_FEATURE:1cxx_enum_forward_declarations
    Feature record: CXX_FEATURE:1cxx_explicit_conversions
    Feature record: CXX_FEATURE:1cxx_extended_friend_declarations
    Feature record: CXX_FEATURE:1cxx_extern_templates
    Feature record: CXX_FEATURE:1cxx_final
    Feature record: CXX_FEATURE:1cxx_func_identifier
    Feature record: CXX_FEATURE:1cxx_generalized_initializers
    Feature record: CXX_FEATURE:0cxx_generic_lambdas
    Feature record: CXX_FEATURE:1cxx_inheriting_constructors
    Feature record: CXX_FEATURE:1cxx_inline_namespaces
    Feature record: CXX_FEATURE:1cxx_lambdas
    Feature record: CXX_FEATURE:0cxx_lambda_init_captures
    Feature record: CXX_FEATURE:1cxx_local_type_template_args
    Feature record: CXX_FEATURE:1cxx_long_long_type
    Feature record: CXX_FEATURE:1cxx_noexcept
    Feature record: CXX_FEATURE:1cxx_nonstatic_member_init
    Feature record: CXX_FEATURE:1cxx_nullptr
    Feature record: CXX_FEATURE:1cxx_override
    Feature record: CXX_FEATURE:1cxx_range_for
    Feature record: CXX_FEATURE:1cxx_raw_string_literals
    Feature record: CXX_FEATURE:1cxx_reference_qualified_functions
    Feature record: CXX_FEATURE:0cxx_relaxed_constexpr
    Feature record: CXX_FEATURE:0cxx_return_type_deduction
    Feature record: CXX_FEATURE:1cxx_right_angle_brackets
    Feature record: CXX_FEATURE:1cxx_rvalue_references
    Feature record: CXX_FEATURE:1cxx_sizeof_member
    Feature record: CXX_FEATURE:1cxx_static_assert
    Feature record: CXX_FEATURE:1cxx_strong_enums
    Feature record: CXX_FEATURE:1cxx_template_template_parameters
    Feature record: CXX_FEATURE:1cxx_thread_local
    Feature record: CXX_FEATURE:1cxx_trailing_return_types
    Feature record: CXX_FEATURE:1cxx_unicode_literals
    Feature record: CXX_FEATURE:1cxx_uniform_initialization
    Feature record: CXX_FEATURE:1cxx_unrestricted_unions
    Feature record: CXX_FEATURE:1cxx_user_literals
    Feature record: CXX_FEATURE:0cxx_variable_templates
    Feature record: CXX_FEATURE:1cxx_variadic_macros
    Feature record: CXX_FEATURE:1cxx_variadic_templates


Detecting CXX [-std=c++98] compiler features compiled with the following output:
Change Dir: /home/jake/Documents/ArUco_Detect/pbuild/CMakeFiles/CMakeTmp

Run Build Command:"/usr/bin/make" "cmTC_e9a14/fast"
/usr/bin/make -f CMakeFiles/cmTC_e9a14.dir/build.make CMakeFiles/cmTC_e9a14.dir/build
make[1]: Entering directory '/home/jake/Documents/ArUco_Detect/pbuild/CMakeFiles/CMakeTmp'
Building CXX object CMakeFiles/cmTC_e9a14.dir/feature_tests.cxx.o
/usr/share/jevois-sdk/out/sun8iw5p1/linux/common/buildroot/host/usr/bin/arm-buildroot-linux-gnueabihf-g++    -std=c++98 -o CMakeFiles/cmTC_e9a14.dir/feature_tests.cxx.o -c /home/jake/Documents/ArUco_Detect/pbuild/CMakeFiles/feature_tests.cxx
Linking CXX executable cmTC_e9a14
/usr/bin/cmake -E cmake_link_script CMakeFiles/cmTC_e9a14.dir/link.txt --verbose=1
/usr/share/jevois-sdk/out/sun8iw5p1/linux/common/buildroot/host/usr/bin/arm-buildroot-linux-gnueabihf-g++       -rdynamic CMakeFiles/cmTC_e9a14.dir/feature_tests.cxx.o  -o cmTC_e9a14 
make[1]: Leaving directory '/home/jake/Documents/ArUco_Detect/pbuild/CMakeFiles/CMakeTmp'


    Feature record: CXX_FEATURE:0cxx_aggregate_default_initializers
    Feature record: CXX_FEATURE:0cxx_alias_templates
    Feature record: CXX_FEATURE:0cxx_alignas
    Feature record: CXX_FEATURE:0cxx_alignof
    Feature record: CXX_FEATURE:0cxx_attributes
    Feature record: CXX_FEATURE:0cxx_attribute_deprecated
    Feature record: CXX_FEATURE:0cxx_auto_type
    Feature record: CXX_FEATURE:0cxx_binary_literals
    Feature record: CXX_FEATURE:0cxx_constexpr
    Feature record: CXX_FEATURE:0cxx_contextual_conversions
    Feature record: CXX_FEATURE:0cxx_decltype
    Feature record: CXX_FEATURE:0cxx_decltype_auto
    Feature record: CXX_FEATURE:0cxx_decltype_incomplete_return_types
    Feature record: CXX_FEATURE:0cxx_default_function_template_args
    Feature record: CXX_FEATURE:0cxx_defaulted_functions
    Feature record: CXX_FEATURE:0cxx_defaulted_move_initializers
    Feature record: CXX_FEATURE:0cxx_delegating_constructors
    Feature record: CXX_FEATURE:0cxx_deleted_functions
    Feature record: CXX_FEATURE:0cxx_digit_separators
    Feature record: CXX_FEATURE:0cxx_enum_forward_declarations
    Feature record: CXX_FEATURE:0cxx_explicit_conversions
    Feature record: CXX_FEATURE:0cxx_extended_friend_declarations
    Feature record: CXX_FEATURE:0cxx_extern_templates
    Feature record: CXX_FEATURE:0cxx_final
    Feature record: CXX_FEATURE:0cxx_func_identifier
    Feature record: CXX_FEATURE:0cxx_generalized_initializers
    Feature record: CXX_FEATURE:0cxx_generic_lambdas
    Feature record: CXX_FEATURE:0cxx_inheriting_constructors
    Feature record: CXX_FEATURE:0cxx_inline_namespaces
    Feature record: CXX_FEATURE:0cxx_lambdas
    Feature record: CXX_FEATURE:0cxx_lambda_init_captures
    Feature record: CXX_FEATURE:0cxx_local_type_template_args
    Feature record: CXX_FEATURE:0cxx_long_long_type
    Feature record: CXX_FEATURE:0cxx_noexcept
    Feature record: CXX_FEATURE:0cxx_nonstatic_member_init
    Feature record: CXX_FEATURE:0cxx_nullptr
    Feature record: CXX_FEATURE:0cxx_override
    Feature record: CXX_FEATURE:0cxx_range_for
    Feature record: CXX_FEATURE:0cxx_raw_string_literals
    Feature record: CXX_FEATURE:0cxx_reference_qualified_functions
    Feature record: CXX_FEATURE:0cxx_relaxed_constexpr
    Feature record: CXX_FEATURE:0cxx_return_type_deduction
    Feature record: CXX_FEATURE:0cxx_right_angle_brackets
    Feature record: CXX_FEATURE:0cxx_rvalue_references
    Feature record: CXX_FEATURE:0cxx_sizeof_member
    Feature record: CXX_FEATURE:0cxx_static_assert
    Feature record: CXX_FEATURE:0cxx_strong_enums
    Feature record: CXX_FEATURE:1cxx_template_template_parameters
    Feature record: CXX_FEATURE:0cxx_thread_local
    Feature record: CXX_FEATURE:0cxx_trailing_return_types
    Feature record: CXX_FEATURE:0cxx_unicode_literals
    Feature record: CXX_FEATURE:0cxx_uniform_initialization
    Feature record: CXX_FEATURE:0cxx_unrestricted_unions
    Feature record: CXX_FEATURE:0cxx_user_literals
    Feature record: CXX_FEATURE:0cxx_variable_templates
    Feature record: CXX_FEATURE:0cxx_variadic_macros
    Feature record: CXX_FEATURE:0cxx_variadic_templates
